2024/10/16 22:23:54 [notice] 1#1: using the "epoll" event method
2024/10/16 22:23:54 [notice] 1#1: nginx/1.27.2
2024/10/16 22:23:54 [notice] 1#1: built by gcc 12.2.0 (Debian 12.2.0-14) 
2024/10/16 22:23:54 [notice] 1#1: OS: Linux 6.10.4-linuxkit
2024/10/16 22:23:54 [notice] 1#1: getrlimit(RLIMIT_NOFILE): 1048576:1048576
2024/10/16 22:23:54 [notice] 1#1: start worker processes
2024/10/16 22:23:54 [notice] 1#1: start worker process 28
2024/10/16 22:23:54 [notice] 1#1: start worker process 29
2024/10/16 22:23:54 [notice] 1#1: start worker process 30
2024/10/16 22:23:54 [notice] 1#1: start worker process 31
2024/10/16 22:23:54 [notice] 1#1: start worker process 32
2024/10/16 22:23:54 [notice] 1#1: start worker process 33
2024/10/16 22:23:54 [notice] 1#1: start worker process 34
2024/10/16 22:23:54 [notice] 1#1: start worker process 35
2024/10/16 22:25:15 [notice] 1#1: signal 3 (SIGQUIT) received, shutting down
2024/10/16 22:25:15 [notice] 28#28: gracefully shutting down
2024/10/16 22:25:15 [notice] 34#34: gracefully shutting down
2024/10/16 22:25:15 [notice] 33#33: gracefully shutting down
2024/10/16 22:25:15 [notice] 34#34: exiting
2024/10/16 22:25:15 [notice] 32#32: gracefully shutting down
2024/10/16 22:25:15 [notice] 30#30: gracefully shutting down
2024/10/16 22:25:15 [notice] 35#35: gracefully shutting down
2024/10/16 22:25:15 [notice] 31#31: gracefully shutting down
2024/10/16 22:25:15 [notice] 29#29: gracefully shutting down
2024/10/16 22:25:15 [notice] 28#28: exiting
2024/10/16 22:25:15 [notice] 33#33: exiting
2024/10/16 22:25:15 [notice] 34#34: exit
2024/10/16 22:25:15 [notice] 32#32: exiting
2024/10/16 22:25:15 [notice] 31#31: exiting
2024/10/16 22:25:15 [notice] 30#30: exiting
2024/10/16 22:25:15 [notice] 31#31: exit
2024/10/16 22:25:15 [notice] 35#35: exiting
2024/10/16 22:25:15 [notice] 28#28: exit
2024/10/16 22:25:15 [notice] 35#35: exit
2024/10/16 22:25:15 [notice] 33#33: exit
2024/10/16 22:25:15 [notice] 29#29: exiting
2024/10/16 22:25:15 [notice] 32#32: exit
2024/10/16 22:25:15 [notice] 30#30: exit
2024/10/16 22:25:15 [notice] 29#29: exit
2024/10/16 22:25:15 [notice] 1#1: signal 17 (SIGCHLD) received from 28
2024/10/16 22:25:15 [notice] 1#1: worker process 28 exited with code 0
2024/10/16 22:25:15 [notice] 1#1: worker process 33 exited with code 0
2024/10/16 22:25:15 [notice] 1#1: signal 29 (SIGIO) received
2024/10/16 22:25:15 [notice] 1#1: signal 17 (SIGCHLD) received from 31
2024/10/16 22:25:15 [notice] 1#1: worker process 31 exited with code 0
2024/10/16 22:25:15 [notice] 1#1: signal 17 (SIGCHLD) received from 34
2024/10/16 22:25:15 [notice] 1#1: worker process 29 exited with code 0
2024/10/16 22:25:15 [notice] 1#1: worker process 32 exited with code 0
2024/10/16 22:25:15 [notice] 1#1: worker process 30 exited with code 0
2024/10/16 22:25:15 [notice] 1#1: worker process 34 exited with code 0
2024/10/16 22:25:15 [notice] 1#1: signal 17 (SIGCHLD) received from 29
2024/10/16 22:25:15 [notice] 1#1: signal 29 (SIGIO) received
2024/10/16 22:25:15 [notice] 1#1: signal 29 (SIGIO) received
2024/10/16 22:25:15 [notice] 1#1: signal 17 (SIGCHLD) received from 35
2024/10/16 22:25:15 [notice] 1#1: worker process 35 exited with code 0
2024/10/16 22:25:15 [notice] 1#1: exit
2024/10/16 22:30:30 [notice] 1#1: using the "epoll" event method
2024/10/16 22:30:30 [notice] 1#1: nginx/1.27.2
2024/10/16 22:30:30 [notice] 1#1: built by gcc 12.2.0 (Debian 12.2.0-14) 
2024/10/16 22:30:30 [notice] 1#1: OS: Linux 6.10.4-linuxkit
2024/10/16 22:30:30 [notice] 1#1: getrlimit(RLIMIT_NOFILE): 1048576:1048576
2024/10/16 22:30:30 [notice] 1#1: start worker processes
2024/10/16 22:30:30 [notice] 1#1: start worker process 28
2024/10/16 22:30:30 [notice] 1#1: start worker process 29
2024/10/16 22:30:30 [notice] 1#1: start worker process 30
2024/10/16 22:30:30 [notice] 1#1: start worker process 31
2024/10/16 22:30:30 [notice] 1#1: start worker process 32
2024/10/16 22:30:30 [notice] 1#1: start worker process 33
2024/10/16 22:30:30 [notice] 1#1: start worker process 34
2024/10/16 22:30:30 [notice] 1#1: start worker process 35
2024/10/16 22:32:47 [notice] 1#1: signal 3 (SIGQUIT) received, shutting down
2024/10/16 22:32:47 [notice] 29#29: gracefully shutting down
2024/10/16 22:32:47 [notice] 28#28: gracefully shutting down
2024/10/16 22:32:47 [notice] 32#32: gracefully shutting down
2024/10/16 22:32:47 [notice] 30#30: gracefully shutting down
2024/10/16 22:32:47 [notice] 31#31: gracefully shutting down
2024/10/16 22:32:47 [notice] 30#30: exiting
2024/10/16 22:32:47 [notice] 31#31: exiting
2024/10/16 22:32:47 [notice] 34#34: gracefully shutting down
2024/10/16 22:32:47 [notice] 33#33: gracefully shutting down
2024/10/16 22:32:47 [notice] 31#31: exit
2024/10/16 22:32:47 [notice] 35#35: gracefully shutting down
2024/10/16 22:32:47 [notice] 29#29: exiting
2024/10/16 22:32:47 [notice] 28#28: exiting
2024/10/16 22:32:47 [notice] 32#32: exiting
2024/10/16 22:32:47 [notice] 29#29: exit
2024/10/16 22:32:47 [notice] 30#30: exit
2024/10/16 22:32:47 [notice] 34#34: exiting
2024/10/16 22:32:47 [notice] 33#33: exiting
2024/10/16 22:32:47 [notice] 35#35: exiting
2024/10/16 22:32:47 [notice] 28#28: exit
2024/10/16 22:32:47 [notice] 32#32: exit
2024/10/16 22:32:47 [notice] 34#34: exit
2024/10/16 22:32:47 [notice] 33#33: exit
2024/10/16 22:32:47 [notice] 35#35: exit
2024/10/16 22:32:47 [notice] 1#1: signal 17 (SIGCHLD) received from 34
2024/10/16 22:32:47 [notice] 1#1: worker process 28 exited with code 0
2024/10/16 22:32:47 [notice] 1#1: worker process 30 exited with code 0
2024/10/16 22:32:47 [notice] 1#1: worker process 31 exited with code 0
2024/10/16 22:32:47 [notice] 1#1: worker process 32 exited with code 0
2024/10/16 22:32:47 [notice] 1#1: worker process 33 exited with code 0
2024/10/16 22:32:47 [notice] 1#1: worker process 34 exited with code 0
2024/10/16 22:32:47 [notice] 1#1: signal 29 (SIGIO) received
2024/10/16 22:32:47 [notice] 1#1: signal 17 (SIGCHLD) received from 30
2024/10/16 22:32:47 [notice] 1#1: signal 17 (SIGCHLD) received from 35
2024/10/16 22:32:47 [notice] 1#1: worker process 35 exited with code 0
2024/10/16 22:32:47 [notice] 1#1: signal 17 (SIGCHLD) received from 29
2024/10/16 22:32:47 [notice] 1#1: worker process 29 exited with code 0
2024/10/16 22:32:47 [notice] 1#1: exit
2024/10/16 22:34:35 [notice] 1#1: using the "epoll" event method
2024/10/16 22:34:35 [notice] 1#1: nginx/1.27.2
2024/10/16 22:34:35 [notice] 1#1: built by gcc 12.2.0 (Debian 12.2.0-14) 
2024/10/16 22:34:35 [notice] 1#1: OS: Linux 6.10.4-linuxkit
2024/10/16 22:34:35 [notice] 1#1: getrlimit(RLIMIT_NOFILE): 1048576:1048576
2024/10/16 22:34:35 [notice] 1#1: start worker processes
2024/10/16 22:34:35 [notice] 1#1: start worker process 28
2024/10/16 22:34:35 [notice] 1#1: start worker process 29
2024/10/16 22:34:35 [notice] 1#1: start worker process 30
2024/10/16 22:34:35 [notice] 1#1: start worker process 31
2024/10/16 22:34:35 [notice] 1#1: start worker process 32
2024/10/16 22:34:35 [notice] 1#1: start worker process 33
2024/10/16 22:34:35 [notice] 1#1: start worker process 34
2024/10/16 22:34:35 [notice] 1#1: start worker process 35
2024/10/16 23:40:02 [notice] 1#1: signal 3 (SIGQUIT) received, shutting down
2024/10/16 23:40:02 [notice] 30#30: gracefully shutting down
2024/10/16 23:40:02 [notice] 33#33: gracefully shutting down
2024/10/16 23:40:02 [notice] 31#31: gracefully shutting down
2024/10/16 23:40:02 [notice] 30#30: exiting
2024/10/16 23:40:02 [notice] 32#32: gracefully shutting down
2024/10/16 23:40:02 [notice] 28#28: gracefully shutting down
2024/10/16 23:40:02 [notice] 29#29: gracefully shutting down
2024/10/16 23:40:02 [notice] 34#34: gracefully shutting down
2024/10/16 23:40:02 [notice] 35#35: gracefully shutting down
2024/10/16 23:40:02 [notice] 29#29: exiting
2024/10/16 23:40:02 [notice] 33#33: exiting
2024/10/16 23:40:02 [notice] 31#31: exiting
2024/10/16 23:40:02 [notice] 33#33: exit
2024/10/16 23:40:02 [notice] 30#30: exit
2024/10/16 23:40:02 [notice] 31#31: exit
2024/10/16 23:40:02 [notice] 32#32: exiting
2024/10/16 23:40:02 [notice] 28#28: exiting
2024/10/16 23:40:02 [notice] 28#28: exit
2024/10/16 23:40:02 [notice] 34#34: exiting
2024/10/16 23:40:02 [notice] 34#34: exit
2024/10/16 23:40:02 [notice] 29#29: exit
2024/10/16 23:40:02 [notice] 35#35: exiting
2024/10/16 23:40:02 [notice] 35#35: exit
2024/10/16 23:40:02 [notice] 32#32: exit
2024/10/16 23:40:02 [notice] 1#1: signal 17 (SIGCHLD) received from 29
2024/10/16 23:40:02 [notice] 1#1: worker process 29 exited with code 0
2024/10/16 23:40:02 [notice] 1#1: worker process 33 exited with code 0
2024/10/16 23:40:02 [notice] 1#1: signal 29 (SIGIO) received
2024/10/16 23:40:02 [notice] 1#1: signal 17 (SIGCHLD) received from 34
2024/10/16 23:40:02 [notice] 1#1: worker process 28 exited with code 0
2024/10/16 23:40:02 [notice] 1#1: worker process 30 exited with code 0
2024/10/16 23:40:02 [notice] 1#1: worker process 31 exited with code 0
2024/10/16 23:40:02 [notice] 1#1: worker process 34 exited with code 0
2024/10/16 23:40:02 [notice] 1#1: signal 29 (SIGIO) received
2024/10/16 23:40:02 [notice] 1#1: signal 17 (SIGCHLD) received from 28
2024/10/16 23:40:02 [notice] 1#1: signal 17 (SIGCHLD) received from 32
2024/10/16 23:40:02 [notice] 1#1: worker process 32 exited with code 0
2024/10/16 23:40:02 [notice] 1#1: worker process 35 exited with code 0
2024/10/16 23:40:02 [notice] 1#1: exit
2024/10/17 06:11:03 [notice] 1#1: using the "epoll" event method
2024/10/17 06:11:03 [notice] 1#1: nginx/1.27.2
2024/10/17 06:11:03 [notice] 1#1: built by gcc 12.2.0 (Debian 12.2.0-14) 
2024/10/17 06:11:03 [notice] 1#1: OS: Linux 6.10.4-linuxkit
2024/10/17 06:11:03 [notice] 1#1: getrlimit(RLIMIT_NOFILE): 1048576:1048576
2024/10/17 06:11:03 [notice] 1#1: start worker processes
2024/10/17 06:11:03 [notice] 1#1: start worker process 28
2024/10/17 06:11:03 [notice] 1#1: start worker process 29
2024/10/17 06:11:03 [notice] 1#1: start worker process 30
2024/10/17 06:11:03 [notice] 1#1: start worker process 31
2024/10/17 06:11:03 [notice] 1#1: start worker process 32
2024/10/17 06:11:03 [notice] 1#1: start worker process 33
2024/10/17 06:11:03 [notice] 1#1: start worker process 34
2024/10/17 06:11:03 [notice] 1#1: start worker process 35
2024/10/17 06:59:34 [notice] 1#1: signal 3 (SIGQUIT) received, shutting down
2024/10/17 06:59:34 [notice] 30#30: gracefully shutting down
2024/10/17 06:59:34 [notice] 32#32: gracefully shutting down
2024/10/17 06:59:34 [notice] 31#31: gracefully shutting down
2024/10/17 06:59:34 [notice] 28#28: gracefully shutting down
2024/10/17 06:59:34 [notice] 33#33: gracefully shutting down
2024/10/17 06:59:34 [notice] 29#29: gracefully shutting down
2024/10/17 06:59:34 [notice] 34#34: gracefully shutting down
2024/10/17 06:59:34 [notice] 35#35: gracefully shutting down
2024/10/17 06:59:34 [notice] 30#30: exiting
2024/10/17 06:59:34 [notice] 34#34: exiting
2024/10/17 06:59:34 [notice] 32#32: exiting
2024/10/17 06:59:34 [notice] 31#31: exiting
2024/10/17 06:59:34 [notice] 32#32: exit
2024/10/17 06:59:34 [notice] 28#28: exiting
2024/10/17 06:59:34 [notice] 33#33: exiting
2024/10/17 06:59:34 [notice] 29#29: exiting
2024/10/17 06:59:34 [notice] 35#35: exiting
2024/10/17 06:59:34 [notice] 30#30: exit
2024/10/17 06:59:34 [notice] 34#34: exit
2024/10/17 06:59:34 [notice] 31#31: exit
2024/10/17 06:59:34 [notice] 28#28: exit
2024/10/17 06:59:34 [notice] 33#33: exit
2024/10/17 06:59:34 [notice] 29#29: exit
2024/10/17 06:59:34 [notice] 35#35: exit
2024/10/17 06:59:34 [notice] 1#1: signal 17 (SIGCHLD) received from 30
2024/10/17 06:59:34 [notice] 1#1: worker process 29 exited with code 0
2024/10/17 06:59:34 [notice] 1#1: worker process 30 exited with code 0
2024/10/17 06:59:34 [notice] 1#1: worker process 33 exited with code 0
2024/10/17 06:59:34 [notice] 1#1: worker process 34 exited with code 0
2024/10/17 06:59:34 [notice] 1#1: worker process 35 exited with code 0
2024/10/17 06:59:34 [notice] 1#1: signal 29 (SIGIO) received
2024/10/17 06:59:34 [notice] 1#1: signal 17 (SIGCHLD) received from 35
2024/10/17 06:59:34 [notice] 1#1: signal 17 (SIGCHLD) received from 31
2024/10/17 06:59:34 [notice] 1#1: worker process 28 exited with code 0
2024/10/17 06:59:34 [notice] 1#1: worker process 31 exited with code 0
2024/10/17 06:59:34 [notice] 1#1: worker process 32 exited with code 0
2024/10/17 06:59:34 [notice] 1#1: exit
2024/10/17 07:02:15 [notice] 1#1: using the "epoll" event method
2024/10/17 07:02:15 [notice] 1#1: nginx/1.27.2
2024/10/17 07:02:15 [notice] 1#1: built by gcc 12.2.0 (Debian 12.2.0-14) 
2024/10/17 07:02:15 [notice] 1#1: OS: Linux 6.10.4-linuxkit
2024/10/17 07:02:15 [notice] 1#1: getrlimit(RLIMIT_NOFILE): 1048576:1048576
2024/10/17 07:02:15 [notice] 1#1: start worker processes
2024/10/17 07:02:15 [notice] 1#1: start worker process 28
2024/10/17 07:02:15 [notice] 1#1: start worker process 29
2024/10/17 07:02:15 [notice] 1#1: start worker process 30
2024/10/17 07:02:15 [notice] 1#1: start worker process 31
2024/10/17 07:02:15 [notice] 1#1: start worker process 32
2024/10/17 07:02:15 [notice] 1#1: start worker process 33
2024/10/17 07:02:15 [notice] 1#1: start worker process 34
2024/10/17 07:02:15 [notice] 1#1: start worker process 35
2024/10/17 07:05:57 [notice] 1#1: signal 3 (SIGQUIT) received, shutting down
2024/10/17 07:05:57 [notice] 28#28: gracefully shutting down
2024/10/17 07:05:57 [notice] 35#35: gracefully shutting down
2024/10/17 07:05:57 [notice] 29#29: gracefully shutting down
2024/10/17 07:05:57 [notice] 31#31: gracefully shutting down
2024/10/17 07:05:57 [notice] 33#33: gracefully shutting down
2024/10/17 07:05:57 [notice] 30#30: gracefully shutting down
2024/10/17 07:05:57 [notice] 32#32: gracefully shutting down
2024/10/17 07:05:57 [notice] 34#34: gracefully shutting down
2024/10/17 07:05:57 [notice] 28#28: exiting
2024/10/17 07:05:57 [notice] 35#35: exiting
2024/10/17 07:05:57 [notice] 29#29: exiting
2024/10/17 07:05:57 [notice] 35#35: exit
2024/10/17 07:05:57 [notice] 31#31: exiting
2024/10/17 07:05:57 [notice] 33#33: exiting
2024/10/17 07:05:57 [notice] 31#31: exit
2024/10/17 07:05:57 [notice] 30#30: exiting
2024/10/17 07:05:57 [notice] 32#32: exiting
2024/10/17 07:05:57 [notice] 32#32: exit
2024/10/17 07:05:57 [notice] 34#34: exiting
2024/10/17 07:05:57 [notice] 28#28: exit
2024/10/17 07:05:57 [notice] 29#29: exit
2024/10/17 07:05:57 [notice] 33#33: exit
2024/10/17 07:05:57 [notice] 30#30: exit
2024/10/17 07:05:57 [notice] 34#34: exit
2024/10/17 07:05:57 [notice] 1#1: signal 17 (SIGCHLD) received from 28
2024/10/17 07:05:57 [notice] 1#1: worker process 28 exited with code 0
2024/10/17 07:05:57 [notice] 1#1: worker process 31 exited with code 0
2024/10/17 07:05:57 [notice] 1#1: worker process 35 exited with code 0
2024/10/17 07:05:57 [notice] 1#1: signal 29 (SIGIO) received
2024/10/17 07:05:57 [notice] 1#1: signal 17 (SIGCHLD) received from 31
2024/10/17 07:05:57 [notice] 1#1: signal 17 (SIGCHLD) received from 34
2024/10/17 07:05:57 [notice] 1#1: worker process 29 exited with code 0
2024/10/17 07:05:57 [notice] 1#1: worker process 30 exited with code 0
2024/10/17 07:05:57 [notice] 1#1: worker process 34 exited with code 0
2024/10/17 07:05:57 [notice] 1#1: signal 29 (SIGIO) received
2024/10/17 07:05:57 [notice] 1#1: signal 17 (SIGCHLD) received from 32
2024/10/17 07:05:57 [notice] 1#1: worker process 32 exited with code 0
2024/10/17 07:05:57 [notice] 1#1: worker process 33 exited with code 0
2024/10/17 07:05:57 [notice] 1#1: exit
2024/10/17 07:06:17 [notice] 1#1: using the "epoll" event method
2024/10/17 07:06:17 [notice] 1#1: nginx/1.27.2
2024/10/17 07:06:17 [notice] 1#1: built by gcc 12.2.0 (Debian 12.2.0-14) 
2024/10/17 07:06:17 [notice] 1#1: OS: Linux 6.10.4-linuxkit
2024/10/17 07:06:17 [notice] 1#1: getrlimit(RLIMIT_NOFILE): 1048576:1048576
2024/10/17 07:06:17 [notice] 1#1: start worker processes
2024/10/17 07:06:17 [notice] 1#1: start worker process 28
2024/10/17 07:06:17 [notice] 1#1: start worker process 29
2024/10/17 07:06:17 [notice] 1#1: start worker process 30
2024/10/17 07:06:17 [notice] 1#1: start worker process 31
2024/10/17 07:06:17 [notice] 1#1: start worker process 32
2024/10/17 07:06:17 [notice] 1#1: start worker process 33
2024/10/17 07:06:17 [notice] 1#1: start worker process 34
2024/10/17 07:06:17 [notice] 1#1: start worker process 35
2024/10/17 07:07:10 [notice] 1#1: signal 3 (SIGQUIT) received, shutting down
2024/10/17 07:07:10 [notice] 28#28: gracefully shutting down
2024/10/17 07:07:10 [notice] 29#29: gracefully shutting down
2024/10/17 07:07:10 [notice] 31#31: gracefully shutting down
2024/10/17 07:07:10 [notice] 30#30: gracefully shutting down
2024/10/17 07:07:10 [notice] 32#32: gracefully shutting down
2024/10/17 07:07:10 [notice] 32#32: exiting
2024/10/17 07:07:10 [notice] 33#33: gracefully shutting down
2024/10/17 07:07:10 [notice] 35#35: gracefully shutting down
2024/10/17 07:07:10 [notice] 35#35: exiting
2024/10/17 07:07:10 [notice] 34#34: gracefully shutting down
2024/10/17 07:07:10 [notice] 28#28: exiting
2024/10/17 07:07:10 [notice] 29#29: exiting
2024/10/17 07:07:10 [notice] 31#31: exiting
2024/10/17 07:07:10 [notice] 30#30: exiting
2024/10/17 07:07:10 [notice] 32#32: exit
2024/10/17 07:07:10 [notice] 33#33: exiting
2024/10/17 07:07:10 [notice] 35#35: exit
2024/10/17 07:07:10 [notice] 34#34: exiting
2024/10/17 07:07:10 [notice] 28#28: exit
2024/10/17 07:07:10 [notice] 29#29: exit
2024/10/17 07:07:10 [notice] 31#31: exit
2024/10/17 07:07:10 [notice] 30#30: exit
2024/10/17 07:07:10 [notice] 33#33: exit
2024/10/17 07:07:10 [notice] 34#34: exit
2024/10/17 07:07:10 [notice] 1#1: signal 17 (SIGCHLD) received from 35
2024/10/17 07:07:10 [notice] 1#1: worker process 28 exited with code 0
2024/10/17 07:07:10 [notice] 1#1: worker process 29 exited with code 0
2024/10/17 07:07:10 [notice] 1#1: worker process 30 exited with code 0
2024/10/17 07:07:10 [notice] 1#1: worker process 31 exited with code 0
2024/10/17 07:07:10 [notice] 1#1: worker process 33 exited with code 0
2024/10/17 07:07:10 [notice] 1#1: worker process 35 exited with code 0
2024/10/17 07:07:10 [notice] 1#1: signal 29 (SIGIO) received
2024/10/17 07:07:10 [notice] 1#1: signal 17 (SIGCHLD) received from 30
2024/10/17 07:07:10 [notice] 1#1: signal 17 (SIGCHLD) received from 32
2024/10/17 07:07:10 [notice] 1#1: worker process 32 exited with code 0
2024/10/17 07:07:10 [notice] 1#1: signal 29 (SIGIO) received
2024/10/17 07:07:10 [notice] 1#1: signal 17 (SIGCHLD) received from 34
2024/10/17 07:07:10 [notice] 1#1: worker process 34 exited with code 0
2024/10/17 07:07:10 [notice] 1#1: exit
2024/10/17 07:07:12 [notice] 1#1: using the "epoll" event method
2024/10/17 07:07:12 [notice] 1#1: nginx/1.27.2
2024/10/17 07:07:12 [notice] 1#1: built by gcc 12.2.0 (Debian 12.2.0-14) 
2024/10/17 07:07:12 [notice] 1#1: OS: Linux 6.10.4-linuxkit
2024/10/17 07:07:12 [notice] 1#1: getrlimit(RLIMIT_NOFILE): 1048576:1048576
2024/10/17 07:07:12 [notice] 1#1: start worker processes
2024/10/17 07:07:12 [notice] 1#1: start worker process 28
2024/10/17 07:07:12 [notice] 1#1: start worker process 29
2024/10/17 07:07:12 [notice] 1#1: start worker process 30
2024/10/17 07:07:12 [notice] 1#1: start worker process 31
2024/10/17 07:07:12 [notice] 1#1: start worker process 32
2024/10/17 07:07:12 [notice] 1#1: start worker process 33
2024/10/17 07:07:12 [notice] 1#1: start worker process 34
2024/10/17 07:07:12 [notice] 1#1: start worker process 35
2024/10/17 07:14:49 [notice] 1#1: signal 3 (SIGQUIT) received, shutting down
2024/10/17 07:14:49 [notice] 29#29: gracefully shutting down
2024/10/17 07:14:49 [notice] 28#28: gracefully shutting down
2024/10/17 07:14:49 [notice] 32#32: gracefully shutting down
2024/10/17 07:14:49 [notice] 30#30: gracefully shutting down
2024/10/17 07:14:49 [notice] 34#34: gracefully shutting down
2024/10/17 07:14:49 [notice] 35#35: gracefully shutting down
2024/10/17 07:14:49 [notice] 33#33: gracefully shutting down
2024/10/17 07:14:49 [notice] 31#31: gracefully shutting down
2024/10/17 07:14:49 [notice] 29#29: exiting
2024/10/17 07:14:49 [notice] 28#28: exiting
2024/10/17 07:14:49 [notice] 32#32: exiting
2024/10/17 07:14:49 [notice] 30#30: exiting
2024/10/17 07:14:49 [notice] 32#32: exit
2024/10/17 07:14:49 [notice] 34#34: exiting
2024/10/17 07:14:49 [notice] 35#35: exiting
2024/10/17 07:14:49 [notice] 33#33: exiting
2024/10/17 07:14:49 [notice] 31#31: exiting
2024/10/17 07:14:49 [notice] 33#33: exit
2024/10/17 07:14:49 [notice] 29#29: exit
2024/10/17 07:14:49 [notice] 28#28: exit
2024/10/17 07:14:49 [notice] 30#30: exit
2024/10/17 07:14:49 [notice] 34#34: exit
2024/10/17 07:14:49 [notice] 35#35: exit
2024/10/17 07:14:49 [notice] 31#31: exit
2024/10/17 07:14:49 [notice] 1#1: signal 17 (SIGCHLD) received from 29
2024/10/17 07:14:49 [notice] 1#1: worker process 29 exited with code 0
2024/10/17 07:14:49 [notice] 1#1: worker process 32 exited with code 0
2024/10/17 07:14:49 [notice] 1#1: signal 29 (SIGIO) received
2024/10/17 07:14:49 [notice] 1#1: signal 17 (SIGCHLD) received from 33
2024/10/17 07:14:49 [notice] 1#1: worker process 33 exited with code 0
2024/10/17 07:14:49 [notice] 1#1: worker process 28 exited with code 0
2024/10/17 07:14:49 [notice] 1#1: worker process 34 exited with code 0
2024/10/17 07:14:49 [notice] 1#1: worker process 30 exited with code 0
2024/10/17 07:14:49 [notice] 1#1: worker process 31 exited with code 0
2024/10/17 07:14:49 [notice] 1#1: worker process 35 exited with code 0
2024/10/17 07:14:49 [notice] 1#1: exit
2024/10/17 07:21:23 [notice] 1#1: using the "epoll" event method
2024/10/17 07:21:23 [notice] 1#1: nginx/1.27.2
2024/10/17 07:21:23 [notice] 1#1: built by gcc 12.2.0 (Debian 12.2.0-14) 
2024/10/17 07:21:23 [notice] 1#1: OS: Linux 6.10.4-linuxkit
2024/10/17 07:21:23 [notice] 1#1: getrlimit(RLIMIT_NOFILE): 1048576:1048576
2024/10/17 07:21:23 [notice] 1#1: start worker processes
2024/10/17 07:21:23 [notice] 1#1: start worker process 28
2024/10/17 07:21:23 [notice] 1#1: start worker process 29
2024/10/17 07:21:23 [notice] 1#1: start worker process 30
2024/10/17 07:21:23 [notice] 1#1: start worker process 31
2024/10/17 07:21:23 [notice] 1#1: start worker process 32
2024/10/17 07:21:23 [notice] 1#1: start worker process 33
2024/10/17 07:21:23 [notice] 1#1: start worker process 34
2024/10/17 07:21:23 [notice] 1#1: start worker process 35
2024/10/17 07:35:47 [notice] 1#1: signal 3 (SIGQUIT) received, shutting down
2024/10/17 07:35:47 [notice] 29#29: gracefully shutting down
2024/10/17 07:35:47 [notice] 28#28: gracefully shutting down
2024/10/17 07:35:47 [notice] 33#33: gracefully shutting down
2024/10/17 07:35:47 [notice] 32#32: gracefully shutting down
2024/10/17 07:35:47 [notice] 33#33: exiting
2024/10/17 07:35:47 [notice] 30#30: gracefully shutting down
2024/10/17 07:35:47 [notice] 34#34: gracefully shutting down
2024/10/17 07:35:47 [notice] 35#35: gracefully shutting down
2024/10/17 07:35:47 [notice] 31#31: gracefully shutting down
2024/10/17 07:35:47 [notice] 29#29: exiting
2024/10/17 07:35:47 [notice] 34#34: exiting
2024/10/17 07:35:47 [notice] 28#28: exiting
2024/10/17 07:35:47 [notice] 32#32: exiting
2024/10/17 07:35:47 [notice] 33#33: exit
2024/10/17 07:35:47 [notice] 34#34: exit
2024/10/17 07:35:47 [notice] 30#30: exiting
2024/10/17 07:35:47 [notice] 35#35: exiting
2024/10/17 07:35:47 [notice] 29#29: exit
2024/10/17 07:35:47 [notice] 31#31: exiting
2024/10/17 07:35:47 [notice] 28#28: exit
2024/10/17 07:35:47 [notice] 32#32: exit
2024/10/17 07:35:47 [notice] 30#30: exit
2024/10/17 07:35:47 [notice] 35#35: exit
2024/10/17 07:35:47 [notice] 31#31: exit
2024/10/17 07:35:47 [notice] 1#1: signal 17 (SIGCHLD) received from 34
2024/10/17 07:35:47 [notice] 1#1: worker process 31 exited with code 0
2024/10/17 07:35:47 [notice] 1#1: worker process 34 exited with code 0
2024/10/17 07:35:47 [notice] 1#1: signal 29 (SIGIO) received
2024/10/17 07:35:47 [notice] 1#1: signal 17 (SIGCHLD) received from 31
2024/10/17 07:35:47 [notice] 1#1: signal 17 (SIGCHLD) received from 30
2024/10/17 07:35:47 [notice] 1#1: worker process 30 exited with code 0
2024/10/17 07:35:47 [notice] 1#1: worker process 32 exited with code 0
2024/10/17 07:35:47 [notice] 1#1: worker process 33 exited with code 0
2024/10/17 07:35:47 [notice] 1#1: worker process 35 exited with code 0
2024/10/17 07:35:47 [notice] 1#1: signal 29 (SIGIO) received
2024/10/17 07:35:47 [notice] 1#1: signal 17 (SIGCHLD) received from 32
2024/10/17 07:35:47 [notice] 1#1: signal 17 (SIGCHLD) received from 29
2024/10/17 07:35:47 [notice] 1#1: worker process 29 exited with code 0
2024/10/17 07:35:47 [notice] 1#1: signal 29 (SIGIO) received
2024/10/17 07:35:47 [notice] 1#1: signal 17 (SIGCHLD) received from 28
2024/10/17 07:35:47 [notice] 1#1: worker process 28 exited with code 0
2024/10/17 07:35:47 [notice] 1#1: exit
2024/10/17 07:39:12 [notice] 1#1: using the "epoll" event method
2024/10/17 07:39:12 [notice] 1#1: nginx/1.27.2
2024/10/17 07:39:12 [notice] 1#1: built by gcc 12.2.0 (Debian 12.2.0-14) 
2024/10/17 07:39:12 [notice] 1#1: OS: Linux 6.10.4-linuxkit
2024/10/17 07:39:12 [notice] 1#1: getrlimit(RLIMIT_NOFILE): 1048576:1048576
2024/10/17 07:39:12 [notice] 1#1: start worker processes
2024/10/17 07:39:12 [notice] 1#1: start worker process 28
2024/10/17 07:39:12 [notice] 1#1: start worker process 29
2024/10/17 07:39:12 [notice] 1#1: start worker process 30
2024/10/17 07:39:12 [notice] 1#1: start worker process 31
2024/10/17 07:39:12 [notice] 1#1: start worker process 32
2024/10/17 07:39:12 [notice] 1#1: start worker process 33
2024/10/17 07:39:12 [notice] 1#1: start worker process 34
2024/10/17 07:39:12 [notice] 1#1: start worker process 35
2024/10/17 07:47:34 [notice] 1#1: signal 3 (SIGQUIT) received, shutting down
2024/10/17 07:47:34 [notice] 28#28: gracefully shutting down
2024/10/17 07:47:34 [notice] 35#35: gracefully shutting down
2024/10/17 07:47:34 [notice] 31#31: gracefully shutting down
2024/10/17 07:47:34 [notice] 30#30: gracefully shutting down
2024/10/17 07:47:34 [notice] 33#33: gracefully shutting down
2024/10/17 07:47:34 [notice] 29#29: gracefully shutting down
2024/10/17 07:47:34 [notice] 32#32: gracefully shutting down
2024/10/17 07:47:34 [notice] 34#34: gracefully shutting down
2024/10/17 07:47:34 [notice] 28#28: exiting
2024/10/17 07:47:34 [notice] 35#35: exiting
2024/10/17 07:47:34 [notice] 31#31: exiting
2024/10/17 07:47:34 [notice] 30#30: exiting
2024/10/17 07:47:34 [notice] 35#35: exit
2024/10/17 07:47:34 [notice] 33#33: exiting
2024/10/17 07:47:34 [notice] 29#29: exiting
2024/10/17 07:47:34 [notice] 34#34: exiting
2024/10/17 07:47:34 [notice] 32#32: exiting
2024/10/17 07:47:34 [notice] 34#34: exit
2024/10/17 07:47:34 [notice] 28#28: exit
2024/10/17 07:47:34 [notice] 31#31: exit
2024/10/17 07:47:34 [notice] 30#30: exit
2024/10/17 07:47:34 [notice] 29#29: exit
2024/10/17 07:47:34 [notice] 33#33: exit
2024/10/17 07:47:34 [notice] 32#32: exit
2024/10/17 07:47:34 [notice] 1#1: signal 17 (SIGCHLD) received from 35
2024/10/17 07:47:34 [notice] 1#1: worker process 32 exited with code 0
2024/10/17 07:47:34 [notice] 1#1: worker process 31 exited with code 0
2024/10/17 07:47:34 [notice] 1#1: worker process 35 exited with code 0
2024/10/17 07:47:34 [notice] 1#1: signal 29 (SIGIO) received
2024/10/17 07:47:34 [notice] 1#1: signal 17 (SIGCHLD) received from 31
2024/10/17 07:47:34 [notice] 1#1: signal 17 (SIGCHLD) received from 28
2024/10/17 07:47:34 [notice] 1#1: worker process 28 exited with code 0
2024/10/17 07:47:34 [notice] 1#1: worker process 29 exited with code 0
2024/10/17 07:47:34 [notice] 1#1: worker process 30 exited with code 0
2024/10/17 07:47:34 [notice] 1#1: worker process 33 exited with code 0
2024/10/17 07:47:34 [notice] 1#1: worker process 34 exited with code 0
2024/10/17 07:47:34 [notice] 1#1: exit
2024/10/17 08:40:23 [notice] 1#1: using the "epoll" event method
2024/10/17 08:40:23 [notice] 1#1: nginx/1.27.2
2024/10/17 08:40:23 [notice] 1#1: built by gcc 12.2.0 (Debian 12.2.0-14) 
2024/10/17 08:40:23 [notice] 1#1: OS: Linux 6.10.4-linuxkit
2024/10/17 08:40:23 [notice] 1#1: getrlimit(RLIMIT_NOFILE): 1048576:1048576
2024/10/17 08:40:23 [notice] 1#1: start worker processes
2024/10/17 08:40:23 [notice] 1#1: start worker process 28
2024/10/17 08:40:23 [notice] 1#1: start worker process 29
2024/10/17 08:40:23 [notice] 1#1: start worker process 30
2024/10/17 08:40:23 [notice] 1#1: start worker process 31
2024/10/17 08:40:23 [notice] 1#1: start worker process 32
2024/10/17 08:40:23 [notice] 1#1: start worker process 33
2024/10/17 08:40:23 [notice] 1#1: start worker process 34
2024/10/17 08:40:23 [notice] 1#1: start worker process 35
